pacman-contrib                                         # for system update check
reflector                                              # for system update check

# --------------------------------------------------- // Shell
zsh                                                    # ZSH shell
starship                                               # Shell prompt

jq                                                     # JSON processing
imagemagick                                            # Image processing

tmux                                                   # Term multiplexer
neovim                                                 # Term text editor
fastfetch                                              # System info fetch tool
eza                                                    # Better ls
bat                                                    # Better cat
fd                                                     # Better find
ripgrep                                                # Better grep
btop                                                   # Resource monitor
fzf                                                    # fuzzy finder
zoxide                                                 # Better cd

git-credential-manager-bin                             # Run git-credential-manager configure after
git-delta                                              # Syntax highlight for git

lazygit                                                # Git UI
lazydocker                                             # Docker UI
tre-command                                            # Better tree
broot                                                  # Navigation
hyperfine                                              # Benchmark
yazi                                                   # TUI file manager
chafa                                                  # Image previewer
dust                                                   # Disk usage analyzer
duf                                                    # Disk Usage
tldr                                                   # TLDR for man pages
tmuxp
